{"D:\\Personal Stuff\\Projects\\React\\Namaste React\\Tasty Bite\\Utils\\UserContext.js": {"path":"D:\\Personal Stuff\\Projects\\React\\Namaste React\\Tasty Bite\\Utils\\UserContext.js","statementMap":{"0":{"start":{"line":3,"column":20},"end":{"line":6,"column":2}}},"fnMap":{},"branchMap":{},"s":{"0":1},"f":{},"b":{},"_coverageSchema":"1a1c01bbd47fc00a2c39e90264f33305004495a9","hash":"d429904ea14c2bbabf89147b443a8115fb7057c5"}
,"D:\\Personal Stuff\\Projects\\React\\Namaste React\\Tasty Bite\\Utils\\mockData.js": {"path":"D:\\Personal Stuff\\Projects\\React\\Namaste React\\Tasty Bite\\Utils\\mockData.js","statementMap":{"0":{"start":{"line":1,"column":23},"end":{"line":1,"column":161}},"1":{"start":{"line":2,"column":31},"end":{"line":2,"column":176}},"2":{"start":{"line":3,"column":33},"end":{"line":3,"column":201}},"3":{"start":{"line":4,"column":30},"end":{"line":7448,"column":1}},"4":{"start":{"line":7449,"column":27},"end":{"line":7449,"column":66}},"5":{"start":{"line":7450,"column":25},"end":{"line":7450,"column":102}},"6":{"start":{"line":7451,"column":29},"end":{"line":7451,"column":112}},"7":{"start":{"line":7452,"column":30},"end":{"line":9376,"column":1}}},"fnMap":{},"branchMap":{},"s":{"0":3,"1":3,"2":3,"3":3,"4":3,"5":3,"6":3,"7":3},"f":{},"b":{},"_coverageSchema":"1a1c01bbd47fc00a2c39e90264f33305004495a9","hash":"a24e8dfa80f5bdfbf4e7bb72ab3271a27fc55a9c"}
,"D:\\Personal Stuff\\Projects\\React\\Namaste React\\Tasty Bite\\Utils\\useOnlineStatus.js": {"path":"D:\\Personal Stuff\\Projects\\React\\Namaste React\\Tasty Bite\\Utils\\useOnlineStatus.js","statementMap":{"0":{"start":{"line":3,"column":24},"end":{"line":15,"column":1}},"1":{"start":{"line":4,"column":43},"end":{"line":4,"column":57}},"2":{"start":{"line":5,"column":4},"end":{"line":13,"column":14}},"3":{"start":{"line":7,"column":12},"end":{"line":9,"column":15}},"4":{"start":{"line":8,"column":16},"end":{"line":8,"column":38}},"5":{"start":{"line":10,"column":12},"end":{"line":12,"column":15}},"6":{"start":{"line":11,"column":16},"end":{"line":11,"column":39}},"7":{"start":{"line":14,"column":4},"end":{"line":14,"column":24}}},"fnMap":{"0":{"name":"(anonymous_0)","decl":{"start":{"line":3,"column":24},"end":{"line":3,"column":25}},"loc":{"start":{"line":3,"column":29},"end":{"line":15,"column":1}},"line":3},"1":{"name":"(anonymous_1)","decl":{"start":{"line":5,"column":14},"end":{"line":5,"column":15}},"loc":{"start":{"line":6,"column":8},"end":{"line":13,"column":9}},"line":6},"2":{"name":"(anonymous_2)","decl":{"start":{"line":7,"column":46},"end":{"line":7,"column":47}},"loc":{"start":{"line":7,"column":50},"end":{"line":9,"column":13}},"line":7},"3":{"name":"(anonymous_3)","decl":{"start":{"line":10,"column":47},"end":{"line":10,"column":48}},"loc":{"start":{"line":10,"column":51},"end":{"line":12,"column":13}},"line":10}},"branchMap":{},"s":{"0":1,"1":0,"2":0,"3":0,"4":0,"5":0,"6":0,"7":0},"f":{"0":0,"1":0,"2":0,"3":0},"b":{},"_coverageSchema":"1a1c01bbd47fc00a2c39e90264f33305004495a9","hash":"f0451beece74358fdd057f70d5208450e70d9134"}
,"D:\\Personal Stuff\\Projects\\React\\Namaste React\\Tasty Bite\\Utils\\useRestaurantData.js": {"path":"D:\\Personal Stuff\\Projects\\React\\Namaste React\\Tasty Bite\\Utils\\useRestaurantData.js","statementMap":{"0":{"start":{"line":5,"column":26},"end":{"line":18,"column":1}},"1":{"start":{"line":6,"column":39},"end":{"line":6,"column":53}},"2":{"start":{"line":7,"column":4},"end":{"line":9,"column":9}},"3":{"start":{"line":8,"column":8},"end":{"line":8,"column":20}},"4":{"start":{"line":10,"column":22},"end":{"line":16,"column":5}},"5":{"start":{"line":13,"column":21},"end":{"line":13,"column":217}},"6":{"start":{"line":14,"column":21},"end":{"line":14,"column":38}},"7":{"start":{"line":15,"column":8},"end":{"line":15,"column":27}},"8":{"start":{"line":17,"column":4},"end":{"line":17,"column":22}}},"fnMap":{"0":{"name":"(anonymous_0)","decl":{"start":{"line":5,"column":26},"end":{"line":5,"column":27}},"loc":{"start":{"line":5,"column":36},"end":{"line":18,"column":1}},"line":5},"1":{"name":"(anonymous_1)","decl":{"start":{"line":7,"column":14},"end":{"line":7,"column":15}},"loc":{"start":{"line":7,"column":20},"end":{"line":9,"column":5}},"line":7},"2":{"name":"(anonymous_2)","decl":{"start":{"line":10,"column":22},"end":{"line":10,"column":23}},"loc":{"start":{"line":10,"column":33},"end":{"line":16,"column":5}},"line":10}},"branchMap":{},"s":{"0":1,"1":0,"2":0,"3":0,"4":0,"5":0,"6":0,"7":0,"8":0},"f":{"0":0,"1":0,"2":0},"b":{},"_coverageSchema":"1a1c01bbd47fc00a2c39e90264f33305004495a9","hash":"567c5d1d30d7030705b5a4b854af7004ac9ae2e0"}
,"D:\\Personal Stuff\\Projects\\React\\Namaste React\\Tasty Bite\\Utils\\useRestaurantMenu.js": {"path":"D:\\Personal Stuff\\Projects\\React\\Namaste React\\Tasty Bite\\Utils\\useRestaurantMenu.js","statementMap":{"0":{"start":{"line":4,"column":26},"end":{"line":16,"column":1}},"1":{"start":{"line":5,"column":33},"end":{"line":5,"column":47}},"2":{"start":{"line":6,"column":4},"end":{"line":8,"column":9}},"3":{"start":{"line":7,"column":8},"end":{"line":7,"column":20}},"4":{"start":{"line":9,"column":22},"end":{"line":14,"column":5}},"5":{"start":{"line":10,"column":21},"end":{"line":10,"column":59}},"6":{"start":{"line":11,"column":21},"end":{"line":11,"column":38}},"7":{"start":{"line":12,"column":25},"end":{"line":12,"column":35}},"8":{"start":{"line":13,"column":8},"end":{"line":13,"column":29}},"9":{"start":{"line":15,"column":4},"end":{"line":15,"column":19}}},"fnMap":{"0":{"name":"(anonymous_0)","decl":{"start":{"line":4,"column":26},"end":{"line":4,"column":27}},"loc":{"start":{"line":4,"column":36},"end":{"line":16,"column":1}},"line":4},"1":{"name":"(anonymous_1)","decl":{"start":{"line":6,"column":14},"end":{"line":6,"column":15}},"loc":{"start":{"line":6,"column":20},"end":{"line":8,"column":5}},"line":6},"2":{"name":"(anonymous_2)","decl":{"start":{"line":9,"column":22},"end":{"line":9,"column":23}},"loc":{"start":{"line":9,"column":33},"end":{"line":14,"column":5}},"line":9}},"branchMap":{},"s":{"0":1,"1":3,"2":3,"3":1,"4":3,"5":1,"6":1,"7":1,"8":1,"9":3},"f":{"0":3,"1":1,"2":1},"b":{},"_coverageSchema":"1a1c01bbd47fc00a2c39e90264f33305004495a9","hash":"c29d9f6857160f9a72fd090a35332d06e4bf4c2f"}
,"D:\\Personal Stuff\\Projects\\React\\Namaste React\\Tasty Bite\\src\\Components\\Accordian.js": {"path":"D:\\Personal Stuff\\Projects\\React\\Namaste React\\Tasty Bite\\src\\Components\\Accordian.js","statementMap":{"0":{"start":{"line":11,"column":18},"end":{"line":108,"column":1}},"1":{"start":{"line":12,"column":36},"end":{"line":12,"column":51}},"2":{"start":{"line":13,"column":36},"end":{"line":13,"column":50}},"3":{"start":{"line":14,"column":38},"end":{"line":14,"column":53}},"4":{"start":{"line":15,"column":29},"end":{"line":15,"column":41}},"5":{"start":{"line":19,"column":21},"end":{"line":19,"column":34}},"6":{"start":{"line":20,"column":22},"end":{"line":20,"column":62}},"7":{"start":{"line":20,"column":45},"end":{"line":20,"column":61}},"8":{"start":{"line":21,"column":26},"end":{"line":23,"column":5}},"9":{"start":{"line":22,"column":8},"end":{"line":22,"column":33}},"10":{"start":{"line":24,"column":29},"end":{"line":26,"column":5}},"11":{"start":{"line":25,"column":8},"end":{"line":25,"column":36}},"12":{"start":{"line":27,"column":25},"end":{"line":30,"column":5}},"13":{"start":{"line":28,"column":8},"end":{"line":28,"column":33}},"14":{"start":{"line":29,"column":8},"end":{"line":29,"column":23}},"15":{"start":{"line":32,"column":23},"end":{"line":35,"column":5}},"16":{"start":{"line":33,"column":8},"end":{"line":33,"column":28}},"17":{"start":{"line":44,"column":21},"end":{"line":44,"column":32}},"18":{"start":{"line":45,"column":20},"end":{"line":45,"column":99}},"19":{"start":{"line":45,"column":43},"end":{"line":45,"column":98}},"20":{"start":{"line":46,"column":23},"end":{"line":46,"column":105}},"21":{"start":{"line":46,"column":46},"end":{"line":46,"column":104}},"22":{"start":{"line":47,"column":24},"end":{"line":47,"column":69}},"23":{"start":{"line":48,"column":23},"end":{"line":48,"column":66}},"24":{"start":{"line":49,"column":4},"end":{"line":49,"column":112}},"25":{"start":{"line":49,"column":59},"end":{"line":49,"column":97}},"26":{"start":{"line":51,"column":4},"end":{"line":107,"column":5}},"27":{"start":{"line":55,"column":96},"end":{"line":55,"column":118}},"28":{"start":{"line":60,"column":24},"end":{"line":96,"column":25}},"29":{"start":{"line":82,"column":116},"end":{"line":82,"column":135}},"30":{"start":{"line":85,"column":55},"end":{"line":85,"column":99}},"31":{"start":{"line":87,"column":73},"end":{"line":87,"column":94}},"32":{"start":{"line":88,"column":82},"end":{"line":88,"column":126}},"33":{"start":{"line":89,"column":75},"end":{"line":89,"column":93}},"34":{"start":{"line":91,"column":219},"end":{"line":91,"column":237}}},"fnMap":{"0":{"name":"(anonymous_0)","decl":{"start":{"line":11,"column":18},"end":{"line":11,"column":19}},"loc":{"start":{"line":11,"column":66},"end":{"line":108,"column":1}},"line":11},"1":{"name":"(anonymous_1)","decl":{"start":{"line":20,"column":34},"end":{"line":20,"column":35}},"loc":{"start":{"line":20,"column":45},"end":{"line":20,"column":61}},"line":20},"2":{"name":"(anonymous_2)","decl":{"start":{"line":21,"column":26},"end":{"line":21,"column":27}},"loc":{"start":{"line":21,"column":35},"end":{"line":23,"column":5}},"line":21},"3":{"name":"(anonymous_3)","decl":{"start":{"line":24,"column":29},"end":{"line":24,"column":30}},"loc":{"start":{"line":24,"column":38},"end":{"line":26,"column":5}},"line":24},"4":{"name":"(anonymous_4)","decl":{"start":{"line":27,"column":25},"end":{"line":27,"column":26}},"loc":{"start":{"line":27,"column":32},"end":{"line":30,"column":5}},"line":27},"5":{"name":"(anonymous_5)","decl":{"start":{"line":32,"column":23},"end":{"line":32,"column":24}},"loc":{"start":{"line":32,"column":28},"end":{"line":35,"column":5}},"line":32},"6":{"name":"(anonymous_6)","decl":{"start":{"line":45,"column":35},"end":{"line":45,"column":36}},"loc":{"start":{"line":45,"column":43},"end":{"line":45,"column":98}},"line":45},"7":{"name":"(anonymous_7)","decl":{"start":{"line":46,"column":38},"end":{"line":46,"column":39}},"loc":{"start":{"line":46,"column":46},"end":{"line":46,"column":104}},"line":46},"8":{"name":"(anonymous_8)","decl":{"start":{"line":49,"column":50},"end":{"line":49,"column":51}},"loc":{"start":{"line":49,"column":59},"end":{"line":49,"column":97}},"line":49},"9":{"name":"(anonymous_9)","decl":{"start":{"line":55,"column":90},"end":{"line":55,"column":91}},"loc":{"start":{"line":55,"column":96},"end":{"line":55,"column":118}},"line":55},"10":{"name":"(anonymous_10)","decl":{"start":{"line":59,"column":40},"end":{"line":59,"column":41}},"loc":{"start":{"line":60,"column":24},"end":{"line":96,"column":25}},"line":60},"11":{"name":"(anonymous_11)","decl":{"start":{"line":82,"column":112},"end":{"line":82,"column":113}},"loc":{"start":{"line":82,"column":116},"end":{"line":82,"column":135}},"line":82},"12":{"name":"(anonymous_12)","decl":{"start":{"line":85,"column":47},"end":{"line":85,"column":48}},"loc":{"start":{"line":85,"column":55},"end":{"line":85,"column":99}},"line":85},"13":{"name":"(anonymous_13)","decl":{"start":{"line":87,"column":69},"end":{"line":87,"column":70}},"loc":{"start":{"line":87,"column":73},"end":{"line":87,"column":94}},"line":87},"14":{"name":"(anonymous_14)","decl":{"start":{"line":88,"column":74},"end":{"line":88,"column":75}},"loc":{"start":{"line":88,"column":82},"end":{"line":88,"column":126}},"line":88},"15":{"name":"(anonymous_15)","decl":{"start":{"line":89,"column":71},"end":{"line":89,"column":72}},"loc":{"start":{"line":89,"column":75},"end":{"line":89,"column":93}},"line":89},"16":{"name":"(anonymous_16)","decl":{"start":{"line":91,"column":215},"end":{"line":91,"column":216}},"loc":{"start":{"line":91,"column":219},"end":{"line":91,"column":237}},"line":91}},"branchMap":{"0":{"loc":{"start":{"line":47,"column":24},"end":{"line":47,"column":69}},"type":"cond-expr","locations":[{"start":{"line":47,"column":45},"end":{"line":47,"column":54}},{"start":{"line":47,"column":57},"end":{"line":47,"column":69}}],"line":47},"1":{"loc":{"start":{"line":48,"column":23},"end":{"line":48,"column":66}},"type":"cond-expr","locations":[{"start":{"line":48,"column":44},"end":{"line":48,"column":51}},{"start":{"line":48,"column":53},"end":{"line":48,"column":66}}],"line":48},"2":{"loc":{"start":{"line":49,"column":19},"end":{"line":49,"column":111}},"type":"cond-expr","locations":[{"start":{"line":49,"column":30},"end":{"line":49,"column":98}},{"start":{"line":49,"column":99},"end":{"line":49,"column":111}}],"line":49},"3":{"loc":{"start":{"line":54,"column":16},"end":{"line":104,"column":18}},"type":"binary-expr","locations":[{"start":{"line":54,"column":16},"end":{"line":54,"column":39}},{"start":{"line":54,"column":43},"end":{"line":104,"column":18}}],"line":54},"4":{"loc":{"start":{"line":55,"column":173},"end":{"line":55,"column":220}},"type":"cond-expr","locations":[{"start":{"line":55,"column":182},"end":{"line":55,"column":204}},{"start":{"line":55,"column":205},"end":{"line":55,"column":220}}],"line":55},"5":{"loc":{"start":{"line":56,"column":17},"end":{"line":101,"column":22}},"type":"binary-expr","locations":[{"start":{"line":56,"column":17},"end":{"line":56,"column":25}},{"start":{"line":56,"column":29},"end":{"line":101,"column":22}}],"line":56},"6":{"loc":{"start":{"line":63,"column":48},"end":{"line":63,"column":142}},"type":"cond-expr","locations":[{"start":{"line":63,"column":102},"end":{"line":63,"column":126}},{"start":{"line":63,"column":127},"end":{"line":63,"column":142}}],"line":63},"7":{"loc":{"start":{"line":68,"column":35},"end":{"line":70,"column":44}},"type":"cond-expr","locations":[{"start":{"line":68,"column":67},"end":{"line":70,"column":41}},{"start":{"line":70,"column":42},"end":{"line":70,"column":44}}],"line":68},"8":{"loc":{"start":{"line":75,"column":28},"end":{"line":76,"column":57}},"type":"cond-expr","locations":[{"start":{"line":75,"column":55},"end":{"line":75,"column":344}},{"start":{"line":75,"column":345},"end":{"line":76,"column":57}}],"line":75},"9":{"loc":{"start":{"line":75,"column":157},"end":{"line":75,"column":336}},"type":"cond-expr","locations":[{"start":{"line":75,"column":194},"end":{"line":75,"column":333}},{"start":{"line":75,"column":334},"end":{"line":75,"column":336}}],"line":75},"10":{"loc":{"start":{"line":75,"column":381},"end":{"line":76,"column":52}},"type":"binary-expr","locations":[{"start":{"line":75,"column":381},"end":{"line":75,"column":416}},{"start":{"line":76,"column":24},"end":{"line":76,"column":52}}],"line":75},"11":{"loc":{"start":{"line":78,"column":28},"end":{"line":78,"column":297}},"type":"cond-expr","locations":[{"start":{"line":78,"column":81},"end":{"line":78,"column":293}},{"start":{"line":78,"column":295},"end":{"line":78,"column":297}}],"line":78},"12":{"loc":{"start":{"line":81,"column":39},"end":{"line":81,"column":131}},"type":"cond-expr","locations":[{"start":{"line":81,"column":97},"end":{"line":81,"column":123}},{"start":{"line":81,"column":124},"end":{"line":81,"column":131}}],"line":81},"13":{"loc":{"start":{"line":85,"column":32},"end":{"line":91,"column":251}},"type":"cond-expr","locations":[{"start":{"line":86,"column":31},"end":{"line":90,"column":37}},{"start":{"line":91,"column":30},"end":{"line":91,"column":251}}],"line":85},"14":{"loc":{"start":{"line":91,"column":30},"end":{"line":91,"column":251}},"type":"cond-expr","locations":[{"start":{"line":91,"column":88},"end":{"line":91,"column":172}},{"start":{"line":91,"column":173},"end":{"line":91,"column":251}}],"line":91},"15":{"loc":{"start":{"line":99,"column":25},"end":{"line":99,"column":123}},"type":"binary-expr","locations":[{"start":{"line":99,"column":25},"end":{"line":99,"column":34}},{"start":{"line":99,"column":38},"end":{"line":99,"column":123}}],"line":99}},"s":{"0":1,"1":32,"2":32,"3":32,"4":32,"5":32,"6":0,"7":0,"8":0,"9":0,"10":0,"11":0,"12":0,"13":0,"14":0,"15":0,"16":0,"17":0,"18":0,"19":0,"20":0,"21":0,"22":0,"23":0,"24":0,"25":0,"26":0,"27":0,"28":0,"29":0,"30":0,"31":0,"32":0,"33":0,"34":0},"f":{"0":32,"1":0,"2":0,"3":0,"4":0,"5":0,"6":0,"7":0,"8":0,"9":0,"10":0,"11":0,"12":0,"13":0,"14":0,"15":0,"16":0},"b":{"0":[0,0],"1":[0,0],"2":[0,0],"3":[0,0],"4":[0,0],"5":[0,0],"6":[0,0],"7":[0,0],"8":[0,0],"9":[0,0],"10":[0,0],"11":[0,0],"12":[0,0],"13":[0,0],"14":[0,0],"15":[0,0]},"_coverageSchema":"1a1c01bbd47fc00a2c39e90264f33305004495a9","hash":"1c29ab6f6566c128dab18691ae213f7b97fee7a2"}
,"D:\\Personal Stuff\\Projects\\React\\Namaste React\\Tasty Bite\\src\\Components\\CartWindow.js": {"path":"D:\\Personal Stuff\\Projects\\React\\Namaste React\\Tasty Bite\\src\\Components\\CartWindow.js","statementMap":{"0":{"start":{"line":10,"column":19},"end":{"line":123,"column":1}},"1":{"start":{"line":12,"column":18},"end":{"line":12,"column":59}},"2":{"start":{"line":12,"column":41},"end":{"line":12,"column":58}},"3":{"start":{"line":13,"column":21},"end":{"line":13,"column":34}},"4":{"start":{"line":14,"column":22},"end":{"line":14,"column":62}},"5":{"start":{"line":14,"column":45},"end":{"line":14,"column":61}},"6":{"start":{"line":15,"column":24},"end":{"line":15,"column":43}},"7":{"start":{"line":16,"column":20},"end":{"line":16,"column":31}},"8":{"start":{"line":17,"column":24},"end":{"line":17,"column":143}},"9":{"start":{"line":17,"column":121},"end":{"line":17,"column":142}},"10":{"start":{"line":18,"column":21},"end":{"line":18,"column":44}},"11":{"start":{"line":19,"column":28},"end":{"line":19,"column":56}},"12":{"start":{"line":20,"column":21},"end":{"line":20,"column":40}},"13":{"start":{"line":21,"column":19},"end":{"line":21,"column":20}},"14":{"start":{"line":22,"column":4},"end":{"line":24,"column":5}},"15":{"start":{"line":23,"column":8},"end":{"line":23,"column":95}},"16":{"start":{"line":23,"column":55},"end":{"line":23,"column":93}},"17":{"start":{"line":25,"column":6},"end":{"line":27,"column":20}},"18":{"start":{"line":26,"column":8},"end":{"line":26,"column":36}},"19":{"start":{"line":28,"column":17},"end":{"line":28,"column":32}},"20":{"start":{"line":29,"column":4},"end":{"line":29,"column":27}},"21":{"start":{"line":31,"column":4},"end":{"line":77,"column":5}},"22":{"start":{"line":55,"column":16},"end":{"line":63,"column":22}}},"fnMap":{"0":{"name":"(anonymous_0)","decl":{"start":{"line":10,"column":19},"end":{"line":10,"column":20}},"loc":{"start":{"line":10,"column":24},"end":{"line":123,"column":1}},"line":10},"1":{"name":"(anonymous_1)","decl":{"start":{"line":12,"column":30},"end":{"line":12,"column":31}},"loc":{"start":{"line":12,"column":41},"end":{"line":12,"column":58}},"line":12},"2":{"name":"(anonymous_2)","decl":{"start":{"line":14,"column":34},"end":{"line":14,"column":35}},"loc":{"start":{"line":14,"column":45},"end":{"line":14,"column":61}},"line":14},"3":{"name":"(anonymous_3)","decl":{"start":{"line":17,"column":113},"end":{"line":17,"column":114}},"loc":{"start":{"line":17,"column":121},"end":{"line":17,"column":142}},"line":17},"4":{"name":"(anonymous_4)","decl":{"start":{"line":23,"column":36},"end":{"line":23,"column":37}},"loc":{"start":{"line":23,"column":55},"end":{"line":23,"column":93}},"line":23},"5":{"name":"(anonymous_5)","decl":{"start":{"line":25,"column":16},"end":{"line":25,"column":17}},"loc":{"start":{"line":25,"column":20},"end":{"line":27,"column":7}},"line":25},"6":{"name":"(anonymous_6)","decl":{"start":{"line":54,"column":26},"end":{"line":54,"column":27}},"loc":{"start":{"line":55,"column":16},"end":{"line":63,"column":22}},"line":55}},"branchMap":{"0":{"loc":{"start":{"line":22,"column":4},"end":{"line":24,"column":5}},"type":"if","locations":[{"start":{"line":22,"column":4},"end":{"line":24,"column":5}},{"start":{},"end":{}}],"line":22},"1":{"loc":{"start":{"line":34,"column":12},"end":{"line":74,"column":14}},"type":"cond-expr","locations":[{"start":{"line":35,"column":12},"end":{"line":38,"column":18}},{"start":{"line":39,"column":12},"end":{"line":74,"column":14}}],"line":34},"2":{"loc":{"start":{"line":57,"column":37},"end":{"line":57,"column":132}},"type":"cond-expr","locations":[{"start":{"line":57,"column":92},"end":{"line":57,"column":116}},{"start":{"line":57,"column":117},"end":{"line":57,"column":132}}],"line":57},"3":{"loc":{"start":{"line":62,"column":54},"end":{"line":62,"column":136}},"type":"binary-expr","locations":[{"start":{"line":62,"column":54},"end":{"line":62,"column":88}},{"start":{"line":62,"column":92},"end":{"line":62,"column":136}}],"line":62}},"s":{"0":1,"1":0,"2":0,"3":0,"4":0,"5":0,"6":0,"7":0,"8":0,"9":0,"10":0,"11":0,"12":0,"13":0,"14":0,"15":0,"16":0,"17":0,"18":0,"19":0,"20":0,"21":0,"22":0},"f":{"0":0,"1":0,"2":0,"3":0,"4":0,"5":0,"6":0},"b":{"0":[0,0],"1":[0,0],"2":[0,0],"3":[0,0]},"_coverageSchema":"1a1c01bbd47fc00a2c39e90264f33305004495a9","hash":"b95334889e061adb7233521653c969135f29f688"}
,"D:\\Personal Stuff\\Projects\\React\\Namaste React\\Tasty Bite\\src\\Components\\Header.js": {"path":"D:\\Personal Stuff\\Projects\\React\\Namaste React\\Tasty Bite\\src\\Components\\Header.js","statementMap":{"0":{"start":{"line":10,"column":15},"end":{"line":51,"column":1}},"1":{"start":{"line":11,"column":25},"end":{"line":11,"column":42}},"2":{"start":{"line":12,"column":25},"end":{"line":12,"column":48}},"3":{"start":{"line":14,"column":22},"end":{"line":14,"column":62}},"4":{"start":{"line":14,"column":45},"end":{"line":14,"column":61}},"5":{"start":{"line":15,"column":23},"end":{"line":15,"column":24}},"6":{"start":{"line":18,"column":4},"end":{"line":50,"column":5}}},"fnMap":{"0":{"name":"(anonymous_0)","decl":{"start":{"line":10,"column":15},"end":{"line":10,"column":16}},"loc":{"start":{"line":10,"column":20},"end":{"line":51,"column":1}},"line":10},"1":{"name":"(anonymous_1)","decl":{"start":{"line":14,"column":34},"end":{"line":14,"column":35}},"loc":{"start":{"line":14,"column":45},"end":{"line":14,"column":61}},"line":14}},"branchMap":{"0":{"loc":{"start":{"line":27,"column":31},"end":{"line":27,"column":56}},"type":"cond-expr","locations":[{"start":{"line":27,"column":46},"end":{"line":27,"column":49}},{"start":{"line":27,"column":52},"end":{"line":27,"column":56}}],"line":27}},"s":{"0":1,"1":0,"2":0,"3":0,"4":0,"5":0,"6":0},"f":{"0":0,"1":0},"b":{"0":[0,0]},"_coverageSchema":"1a1c01bbd47fc00a2c39e90264f33305004495a9","hash":"3de748538caea622278a92b265e0ab2dff756b7b"}
,"D:\\Personal Stuff\\Projects\\React\\Namaste React\\Tasty Bite\\src\\Components\\RestaurantCard.js": {"path":"D:\\Personal Stuff\\Projects\\React\\Namaste React\\Tasty Bite\\src\\Components\\RestaurantCard.js","statementMap":{"0":{"start":{"line":5,"column":23},"end":{"line":32,"column":1}},"1":{"start":{"line":6,"column":22},"end":{"line":6,"column":27}},"2":{"start":{"line":15,"column":8},"end":{"line":15,"column":21}},"3":{"start":{"line":16,"column":27},"end":{"line":16,"column":45}},"4":{"start":{"line":17,"column":4},"end":{"line":31,"column":5}}},"fnMap":{"0":{"name":"(anonymous_0)","decl":{"start":{"line":5,"column":23},"end":{"line":5,"column":24}},"loc":{"start":{"line":5,"column":33},"end":{"line":32,"column":1}},"line":5}},"branchMap":{"0":{"loc":{"start":{"line":21,"column":45},"end":{"line":21,"column":155}},"type":"binary-expr","locations":[{"start":{"line":21,"column":45},"end":{"line":21,"column":77}},{"start":{"line":21,"column":80},"end":{"line":21,"column":154}}],"line":21}},"s":{"0":1,"1":1,"2":1,"3":1,"4":1},"f":{"0":1},"b":{"0":[1,1]},"_coverageSchema":"1a1c01bbd47fc00a2c39e90264f33305004495a9","hash":"7b0f6a7b0993ff8ed520ac5c7ab93ddf1456b89b"}
,"D:\\Personal Stuff\\Projects\\React\\Namaste React\\Tasty Bite\\src\\Components\\RestaurantMenu.js": {"path":"D:\\Personal Stuff\\Projects\\React\\Namaste React\\Tasty Bite\\src\\Components\\RestaurantMenu.js","statementMap":{"0":{"start":{"line":18,"column":23},"end":{"line":176,"column":1}},"1":{"start":{"line":19,"column":39},"end":{"line":19,"column":53}},"2":{"start":{"line":20,"column":43},"end":{"line":20,"column":58}},"3":{"start":{"line":21,"column":49},"end":{"line":21,"column":64}},"4":{"start":{"line":22,"column":39},"end":{"line":22,"column":54}},"5":{"start":{"line":23,"column":43},"end":{"line":23,"column":55}},"6":{"start":{"line":24,"column":20},"end":{"line":24,"column":31}},"7":{"start":{"line":26,"column":21},"end":{"line":26,"column":45}},"8":{"start":{"line":28,"column":4},"end":{"line":30,"column":5}},"9":{"start":{"line":29,"column":8},"end":{"line":29,"column":26}},"10":{"start":{"line":31,"column":23},"end":{"line":43,"column":5}},"11":{"start":{"line":32,"column":8},"end":{"line":35,"column":9}},"12":{"start":{"line":33,"column":12},"end":{"line":33,"column":30}},"13":{"start":{"line":34,"column":12},"end":{"line":34,"column":43}},"14":{"start":{"line":36,"column":8},"end":{"line":39,"column":9}},"15":{"start":{"line":37,"column":12},"end":{"line":37,"column":30}},"16":{"start":{"line":38,"column":12},"end":{"line":38,"column":49}},"17":{"start":{"line":40,"column":8},"end":{"line":42,"column":9}},"18":{"start":{"line":41,"column":12},"end":{"line":41,"column":32}},"19":{"start":{"line":44,"column":29},"end":{"line":46,"column":5}},"20":{"start":{"line":45,"column":8},"end":{"line":45,"column":35}},"21":{"start":{"line":47,"column":23},"end":{"line":47,"column":58}},"22":{"start":{"line":48,"column":22},"end":{"line":48,"column":88}},"23":{"start":{"line":50,"column":20},"end":{"line":50,"column":105}},"24":{"start":{"line":51,"column":21},"end":{"line":51,"column":131}},"25":{"start":{"line":51,"column":72},"end":{"line":51,"column":129}},"26":{"start":{"line":53,"column":21},"end":{"line":53,"column":81}},"27":{"start":{"line":54,"column":18},"end":{"line":54,"column":72}},"28":{"start":{"line":54,"column":44},"end":{"line":54,"column":71}},"29":{"start":{"line":55,"column":18},"end":{"line":55,"column":67}},"30":{"start":{"line":55,"column":44},"end":{"line":55,"column":66}},"31":{"start":{"line":56,"column":20},"end":{"line":56,"column":80}},"32":{"start":{"line":56,"column":46},"end":{"line":56,"column":79}},"33":{"start":{"line":57,"column":20},"end":{"line":57,"column":25}},"34":{"start":{"line":60,"column":8},"end":{"line":175,"column":9}},"35":{"start":{"line":85,"column":28},"end":{"line":93,"column":34}},"36":{"start":{"line":107,"column":93},"end":{"line":107,"column":110}},"37":{"start":{"line":117,"column":101},"end":{"line":117,"column":121}},"38":{"start":{"line":137,"column":32},"end":{"line":143,"column":38}},"39":{"start":{"line":152,"column":28},"end":{"line":152,"column":216}}},"fnMap":{"0":{"name":"(anonymous_0)","decl":{"start":{"line":18,"column":23},"end":{"line":18,"column":24}},"loc":{"start":{"line":18,"column":28},"end":{"line":176,"column":1}},"line":18},"1":{"name":"(anonymous_1)","decl":{"start":{"line":31,"column":23},"end":{"line":31,"column":24}},"loc":{"start":{"line":31,"column":30},"end":{"line":43,"column":5}},"line":31},"2":{"name":"(anonymous_2)","decl":{"start":{"line":44,"column":29},"end":{"line":44,"column":30}},"loc":{"start":{"line":44,"column":34},"end":{"line":46,"column":5}},"line":44},"3":{"name":"(anonymous_3)","decl":{"start":{"line":51,"column":65},"end":{"line":51,"column":66}},"loc":{"start":{"line":51,"column":72},"end":{"line":51,"column":129}},"line":51},"4":{"name":"(anonymous_4)","decl":{"start":{"line":54,"column":34},"end":{"line":54,"column":35}},"loc":{"start":{"line":54,"column":44},"end":{"line":54,"column":71}},"line":54},"5":{"name":"(anonymous_5)","decl":{"start":{"line":55,"column":34},"end":{"line":55,"column":35}},"loc":{"start":{"line":55,"column":44},"end":{"line":55,"column":66}},"line":55},"6":{"name":"(anonymous_6)","decl":{"start":{"line":56,"column":36},"end":{"line":56,"column":37}},"loc":{"start":{"line":56,"column":46},"end":{"line":56,"column":79}},"line":56},"7":{"name":"(anonymous_7)","decl":{"start":{"line":84,"column":42},"end":{"line":84,"column":43}},"loc":{"start":{"line":85,"column":28},"end":{"line":93,"column":34}},"line":85},"8":{"name":"(anonymous_8)","decl":{"start":{"line":107,"column":89},"end":{"line":107,"column":90}},"loc":{"start":{"line":107,"column":93},"end":{"line":107,"column":110}},"line":107},"9":{"name":"(anonymous_9)","decl":{"start":{"line":117,"column":97},"end":{"line":117,"column":98}},"loc":{"start":{"line":117,"column":101},"end":{"line":117,"column":121}},"line":117},"10":{"name":"(anonymous_10)","decl":{"start":{"line":136,"column":41},"end":{"line":136,"column":42}},"loc":{"start":{"line":137,"column":32},"end":{"line":143,"column":38}},"line":137},"11":{"name":"(anonymous_11)","decl":{"start":{"line":151,"column":36},"end":{"line":151,"column":37}},"loc":{"start":{"line":152,"column":28},"end":{"line":152,"column":216}},"line":152}},"branchMap":{"0":{"loc":{"start":{"line":28,"column":4},"end":{"line":30,"column":5}},"type":"if","locations":[{"start":{"line":28,"column":4},"end":{"line":30,"column":5}},{"start":{},"end":{}}],"line":28},"1":{"loc":{"start":{"line":32,"column":8},"end":{"line":35,"column":9}},"type":"if","locations":[{"start":{"line":32,"column":8},"end":{"line":35,"column":9}},{"start":{},"end":{}}],"line":32},"2":{"loc":{"start":{"line":36,"column":8},"end":{"line":39,"column":9}},"type":"if","locations":[{"start":{"line":36,"column":8},"end":{"line":39,"column":9}},{"start":{},"end":{}}],"line":36},"3":{"loc":{"start":{"line":40,"column":8},"end":{"line":42,"column":9}},"type":"if","locations":[{"start":{"line":40,"column":8},"end":{"line":42,"column":9}},{"start":{},"end":{}}],"line":40},"4":{"loc":{"start":{"line":40,"column":11},"end":{"line":40,"column":42}},"type":"binary-expr","locations":[{"start":{"line":40,"column":11},"end":{"line":40,"column":23}},{"start":{"line":40,"column":27},"end":{"line":40,"column":42}}],"line":40},"5":{"loc":{"start":{"line":51,"column":21},"end":{"line":51,"column":131}},"type":"cond-expr","locations":[{"start":{"line":51,"column":41},"end":{"line":51,"column":48}},{"start":{"line":51,"column":50},"end":{"line":51,"column":130}}],"line":51},"6":{"loc":{"start":{"line":76,"column":133},"end":{"line":76,"column":368}},"type":"cond-expr","locations":[{"start":{"line":76,"column":164},"end":{"line":76,"column":244}},{"start":{"line":76,"column":245},"end":{"line":76,"column":368}}],"line":76},"7":{"loc":{"start":{"line":125,"column":40},"end":{"line":125,"column":83}},"type":"cond-expr","locations":[{"start":{"line":125,"column":51},"end":{"line":125,"column":70}},{"start":{"line":125,"column":71},"end":{"line":125,"column":83}}],"line":125},"8":{"loc":{"start":{"line":132,"column":20},"end":{"line":147,"column":25}},"type":"cond-expr","locations":[{"start":{"line":132,"column":62},"end":{"line":147,"column":22}},{"start":{"line":147,"column":23},"end":{"line":147,"column":25}}],"line":132},"9":{"loc":{"start":{"line":132,"column":20},"end":{"line":132,"column":59}},"type":"binary-expr","locations":[{"start":{"line":132,"column":20},"end":{"line":132,"column":36}},{"start":{"line":132,"column":40},"end":{"line":132,"column":59}}],"line":132},"10":{"loc":{"start":{"line":140,"column":80},"end":{"line":140,"column":170}},"type":"cond-expr","locations":[{"start":{"line":140,"column":105},"end":{"line":140,"column":132}},{"start":{"line":140,"column":135},"end":{"line":140,"column":169}}],"line":140}},"s":{"0":1,"1":4,"2":3,"3":3,"4":3,"5":3,"6":3,"7":3,"8":3,"9":1,"10":2,"11":0,"12":0,"13":0,"14":0,"15":0,"16":0,"17":0,"18":0,"19":2,"20":0,"21":2,"22":2,"23":2,"24":2,"25":0,"26":2,"27":2,"28":26,"29":2,"30":26,"31":2,"32":26,"33":2,"34":2,"35":10,"36":0,"37":0,"38":0,"39":16},"f":{"0":4,"1":0,"2":0,"3":0,"4":26,"5":26,"6":26,"7":10,"8":0,"9":0,"10":0,"11":16},"b":{"0":[1,2],"1":[0,0],"2":[0,0],"3":[0,0],"4":[0,0],"5":[2,0],"6":[0,2],"7":[0,2],"8":[0,2],"9":[2,0],"10":[0,0]},"_coverageSchema":"1a1c01bbd47fc00a2c39e90264f33305004495a9","hash":"81cbd9508888ac4a10a6aa4fb8405f38683faf87"}
,"D:\\Personal Stuff\\Projects\\React\\Namaste React\\Tasty Bite\\src\\Components\\RestaurantPopup.js": {"path":"D:\\Personal Stuff\\Projects\\React\\Namaste React\\Tasty Bite\\src\\Components\\RestaurantPopup.js","statementMap":{"0":{"start":{"line":8,"column":24},"end":{"line":80,"column":1}},"1":{"start":{"line":9,"column":4},"end":{"line":79,"column":6}}},"fnMap":{"0":{"name":"(anonymous_0)","decl":{"start":{"line":8,"column":24},"end":{"line":8,"column":25}},"loc":{"start":{"line":8,"column":46},"end":{"line":80,"column":1}},"line":8}},"branchMap":{"0":{"loc":{"start":{"line":22,"column":20},"end":{"line":24,"column":39}},"type":"cond-expr","locations":[{"start":{"line":23,"column":24},"end":{"line":23,"column":48}},{"start":{"line":24,"column":24},"end":{"line":24,"column":39}}],"line":22},"1":{"loc":{"start":{"line":30,"column":17},"end":{"line":36,"column":17}},"type":"cond-expr","locations":[{"start":{"line":31,"column":18},"end":{"line":33,"column":25}},{"start":{"line":35,"column":18},"end":{"line":35,"column":20}}],"line":30},"2":{"loc":{"start":{"line":39,"column":15},"end":{"line":60,"column":15}},"type":"cond-expr","locations":[{"start":{"line":40,"column":16},"end":{"line":55,"column":23}},{"start":{"line":57,"column":16},"end":{"line":59,"column":20}}],"line":39},"3":{"loc":{"start":{"line":45,"column":19},"end":{"line":54,"column":19}},"type":"cond-expr","locations":[{"start":{"line":46,"column":20},"end":{"line":51,"column":24}},{"start":{"line":53,"column":20},"end":{"line":53,"column":22}}],"line":45},"4":{"loc":{"start":{"line":61,"column":15},"end":{"line":69,"column":15}},"type":"binary-expr","locations":[{"start":{"line":61,"column":15},"end":{"line":61,"column":54}},{"start":{"line":62,"column":16},"end":{"line":68,"column":20}}],"line":61}},"s":{"0":1,"1":0},"f":{"0":0},"b":{"0":[0,0],"1":[0,0],"2":[0,0],"3":[0,0],"4":[0,0]},"_coverageSchema":"1a1c01bbd47fc00a2c39e90264f33305004495a9","hash":"cf859d4c6e81911f67397d40235f3fe780855fbe"}
,"D:\\Personal Stuff\\Projects\\React\\Namaste React\\Tasty Bite\\src\\Components\\Shimmer.js": {"path":"D:\\Personal Stuff\\Projects\\React\\Namaste React\\Tasty Bite\\src\\Components\\Shimmer.js","statementMap":{"0":{"start":{"line":1,"column":16},"end":{"line":9,"column":1}},"1":{"start":{"line":2,"column":4},"end":{"line":8,"column":5}},"2":{"start":{"line":5,"column":20},"end":{"line":5,"column":64}}},"fnMap":{"0":{"name":"(anonymous_0)","decl":{"start":{"line":1,"column":16},"end":{"line":1,"column":17}},"loc":{"start":{"line":1,"column":21},"end":{"line":9,"column":1}},"line":1},"1":{"name":"(anonymous_1)","decl":{"start":{"line":4,"column":36},"end":{"line":4,"column":37}},"loc":{"start":{"line":5,"column":20},"end":{"line":5,"column":64}},"line":5}},"branchMap":{},"s":{"0":1,"1":1,"2":20},"f":{"0":1,"1":20},"b":{},"_coverageSchema":"1a1c01bbd47fc00a2c39e90264f33305004495a9","hash":"53bb2330d7fad7afc5953889451204d0b6e8dc40"}
,"D:\\Personal Stuff\\Projects\\React\\Namaste React\\Tasty Bite\\src\\Components\\sum.js": {"path":"D:\\Personal Stuff\\Projects\\React\\Namaste React\\Tasty Bite\\src\\Components\\sum.js","statementMap":{"0":{"start":{"line":1,"column":12},"end":{"line":3,"column":1}},"1":{"start":{"line":2,"column":4},"end":{"line":2,"column":16}}},"fnMap":{"0":{"name":"(anonymous_0)","decl":{"start":{"line":1,"column":12},"end":{"line":1,"column":13}},"loc":{"start":{"line":1,"column":20},"end":{"line":3,"column":1}},"line":1}},"branchMap":{},"s":{"0":1,"1":1},"f":{"0":1},"b":{},"_coverageSchema":"1a1c01bbd47fc00a2c39e90264f33305004495a9","hash":"56ade518d21a916138d545e133063d564faaa7cd"}
,"D:\\Personal Stuff\\Projects\\React\\Namaste React\\Tasty Bite\\src\\Pages\\Contact.js": {"path":"D:\\Personal Stuff\\Projects\\React\\Namaste React\\Tasty Bite\\src\\Pages\\Contact.js","statementMap":{"0":{"start":{"line":3,"column":16},"end":{"line":14,"column":1}},"1":{"start":{"line":4,"column":4},"end":{"line":13,"column":5}}},"fnMap":{"0":{"name":"(anonymous_0)","decl":{"start":{"line":3,"column":16},"end":{"line":3,"column":17}},"loc":{"start":{"line":3,"column":21},"end":{"line":14,"column":1}},"line":3}},"branchMap":{},"s":{"0":1,"1":2},"f":{"0":2},"b":{},"_coverageSchema":"1a1c01bbd47fc00a2c39e90264f33305004495a9","hash":"26fee7ad92f696a2b148891fb7a365a552604c48"}
,"D:\\Personal Stuff\\Projects\\React\\Namaste React\\Tasty Bite\\src\\Store\\cartSlice.js": {"path":"D:\\Personal Stuff\\Projects\\React\\Namaste React\\Tasty Bite\\src\\Store\\cartSlice.js","statementMap":{"0":{"start":{"line":3,"column":18},"end":{"line":43,"column":2}},"1":{"start":{"line":11,"column":33},"end":{"line":11,"column":113}},"2":{"start":{"line":11,"column":58},"end":{"line":11,"column":112}},"3":{"start":{"line":12,"column":12},"end":{"line":17,"column":13}},"4":{"start":{"line":13,"column":16},"end":{"line":13,"column":43}},"5":{"start":{"line":16,"column":16},"end":{"line":16,"column":65}},"6":{"start":{"line":20,"column":33},"end":{"line":20,"column":113}},"7":{"start":{"line":20,"column":58},"end":{"line":20,"column":112}},"8":{"start":{"line":21,"column":12},"end":{"line":26,"column":13}},"9":{"start":{"line":22,"column":16},"end":{"line":22,"column":43}},"10":{"start":{"line":25,"column":16},"end":{"line":25,"column":48}},"11":{"start":{"line":30,"column":12},"end":{"line":30,"column":35}},"12":{"start":{"line":33,"column":25},"end":{"line":33,"column":26}},"13":{"start":{"line":34,"column":24},"end":{"line":34,"column":25}},"14":{"start":{"line":35,"column":12},"end":{"line":38,"column":14}},"15":{"start":{"line":36,"column":16},"end":{"line":36,"column":113}},"16":{"start":{"line":39,"column":12},"end":{"line":39,"column":34}},"17":{"start":{"line":44,"column":65},"end":{"line":44,"column":82}}},"fnMap":{"0":{"name":"(anonymous_0)","decl":{"start":{"line":10,"column":18},"end":{"line":10,"column":19}},"loc":{"start":{"line":10,"column":36},"end":{"line":18,"column":9}},"line":10},"1":{"name":"(anonymous_1)","decl":{"start":{"line":11,"column":50},"end":{"line":11,"column":51}},"loc":{"start":{"line":11,"column":58},"end":{"line":11,"column":112}},"line":11},"2":{"name":"(anonymous_2)","decl":{"start":{"line":19,"column":21},"end":{"line":19,"column":22}},"loc":{"start":{"line":19,"column":38},"end":{"line":28,"column":9}},"line":19},"3":{"name":"(anonymous_3)","decl":{"start":{"line":20,"column":50},"end":{"line":20,"column":51}},"loc":{"start":{"line":20,"column":58},"end":{"line":20,"column":112}},"line":20},"4":{"name":"(anonymous_4)","decl":{"start":{"line":29,"column":19},"end":{"line":29,"column":20}},"loc":{"start":{"line":29,"column":29},"end":{"line":31,"column":9}},"line":29},"5":{"name":"(anonymous_5)","decl":{"start":{"line":32,"column":25},"end":{"line":32,"column":26}},"loc":{"start":{"line":32,"column":35},"end":{"line":41,"column":9}},"line":32},"6":{"name":"(anonymous_6)","decl":{"start":{"line":35,"column":32},"end":{"line":35,"column":33}},"loc":{"start":{"line":35,"column":41},"end":{"line":38,"column":13}},"line":35}},"branchMap":{"0":{"loc":{"start":{"line":12,"column":12},"end":{"line":17,"column":13}},"type":"if","locations":[{"start":{"line":12,"column":12},"end":{"line":17,"column":13}},{"start":{"line":15,"column":16},"end":{"line":17,"column":13}}],"line":12},"1":{"loc":{"start":{"line":12,"column":15},"end":{"line":12,"column":51}},"type":"binary-expr","locations":[{"start":{"line":12,"column":15},"end":{"line":12,"column":27}},{"start":{"line":12,"column":31},"end":{"line":12,"column":51}}],"line":12},"2":{"loc":{"start":{"line":21,"column":12},"end":{"line":26,"column":13}},"type":"if","locations":[{"start":{"line":21,"column":12},"end":{"line":26,"column":13}},{"start":{"line":24,"column":16},"end":{"line":26,"column":13}}],"line":21},"3":{"loc":{"start":{"line":21,"column":15},"end":{"line":21,"column":51}},"type":"binary-expr","locations":[{"start":{"line":21,"column":15},"end":{"line":21,"column":27}},{"start":{"line":21,"column":31},"end":{"line":21,"column":51}}],"line":21},"4":{"loc":{"start":{"line":36,"column":26},"end":{"line":36,"column":112}},"type":"binary-expr","locations":[{"start":{"line":36,"column":26},"end":{"line":36,"column":62}},{"start":{"line":36,"column":66},"end":{"line":36,"column":112}}],"line":36}},"s":{"0":2,"1":0,"2":0,"3":0,"4":0,"5":0,"6":0,"7":0,"8":0,"9":0,"10":0,"11":0,"12":0,"13":0,"14":0,"15":0,"16":0,"17":2},"f":{"0":0,"1":0,"2":0,"3":0,"4":0,"5":0,"6":0},"b":{"0":[0,0],"1":[0,0],"2":[0,0],"3":[0,0],"4":[0,0]},"_coverageSchema":"1a1c01bbd47fc00a2c39e90264f33305004495a9","hash":"036eb323dd85f2af804a3b20ff37f48735dbdd6d"}
}
